
Name :         Gym
Desc :         A place used for physical activity
Days :         Mon, Tue, Wed, Thu, Fri, Sat, Sun
Participants : 1 - 5
Location :     A101
Available :    Available to all

Name :         Auditorium
Desc :         A place for large events
Days :         Mon, Tue, Wed, Thu 
Participants : 10 - 40
Location :     A234
Available :    Available to all

Name :         Swimming Pool
Desc :         A place for physical activity
Days :         Sun, Sat
Participants : 1 - 8
Location :     B403
Available :    Available to all

Name :         Seminar Room
Desc :         A place for large meetings
Days :         Mon, Wed, Fri
Participants : 10 - 30
Location :     B253
Available :    Available to all


Name :         Conference Room
Desc :         A place for small but important meetings 
Days :         Mon, Tue, Wed, Thu, Fri
Participants : 1 - 10
Location :     C1033
Available :    Only for SUNY Korea


Name :         Library
Desc :         A quiet place
Days :         Mon, Tue, Wed, Thu, Fri, Sat, Sun
Participants : 1 - 20
Location :     A1011
Available :    Only for SUNY Korea

 


 